[05-Dec-2024 03:30:21 UTC] User data loaded successfully
[05-Dec-2024 03:30:29 UTC] User data loaded successfully
[05-Dec-2024 03:30:36 UTC] User data loaded successfully
[05-Dec-2024 03:30:39 UTC] PHP Warning:  include_once(students/student-header.php): Failed to open stream: No such file or directory in C:\xampp\htdocs\nimru-Web\profile.php on line 126
[05-Dec-2024 03:30:39 UTC] PHP Warning:  include_once(): Failed opening 'students/student-header.php' for inclusion (include_path='C:\xampp\php\PEAR') in C:\xampp\htdocs\nimru-Web\profile.php on line 126
[05-Dec-2024 03:35:37 UTC] PHP Warning:  include_once(students/student-header.php): Failed to open stream: No such file or directory in C:\xampp\htdocs\nimru-Web\profile.php on line 184
[05-Dec-2024 03:35:37 UTC] PHP Warning:  include_once(): Failed opening 'students/student-header.php' for inclusion (include_path='C:\xampp\php\PEAR') in C:\xampp\htdocs\nimru-Web\profile.php on line 184
[05-Dec-2024 03:35:45 UTC] PHP Warning:  include_once(students/student-header.php): Failed to open stream: No such file or directory in C:\xampp\htdocs\nimru-Web\profile.php on line 184
[05-Dec-2024 03:35:45 UTC] PHP Warning:  include_once(): Failed opening 'students/student-header.php' for inclusion (include_path='C:\xampp\php\PEAR') in C:\xampp\htdocs\nimru-Web\profile.php on line 184
[05-Dec-2024 03:35:49 UTC] PHP Warning:  include_once(students/student-header.php): Failed to open stream: No such file or directory in C:\xampp\htdocs\nimru-Web\profile.php on line 184
[05-Dec-2024 03:35:49 UTC] PHP Warning:  include_once(): Failed opening 'students/student-header.php' for inclusion (include_path='C:\xampp\php\PEAR') in C:\xampp\htdocs\nimru-Web\profile.php on line 184
[05-Dec-2024 03:35:56 UTC] PHP Warning:  include_once(students/student-header.php): Failed to open stream: No such file or directory in C:\xampp\htdocs\nimru-Web\profile.php on line 184
[05-Dec-2024 03:35:56 UTC] PHP Warning:  include_once(): Failed opening 'students/student-header.php' for inclusion (include_path='C:\xampp\php\PEAR') in C:\xampp\htdocs\nimru-Web\profile.php on line 184
[05-Dec-2024 03:36:03 UTC] PHP Warning:  include_once(students/student-header.php): Failed to open stream: No such file or directory in C:\xampp\htdocs\nimru-Web\profile.php on line 184
[05-Dec-2024 03:36:03 UTC] PHP Warning:  include_once(): Failed opening 'students/student-header.php' for inclusion (include_path='C:\xampp\php\PEAR') in C:\xampp\htdocs\nimru-Web\profile.php on line 184
[05-Dec-2024 03:36:12 UTC] PHP Warning:  include_once(students/student-header.php): Failed to open stream: No such file or directory in C:\xampp\htdocs\nimru-Web\profile.php on line 184
[05-Dec-2024 03:36:12 UTC] PHP Warning:  include_once(): Failed opening 'students/student-header.php' for inclusion (include_path='C:\xampp\php\PEAR') in C:\xampp\htdocs\nimru-Web\profile.php on line 184
[05-Dec-2024 03:36:15 UTC] PHP Warning:  include_once(students/student-header.php): Failed to open stream: No such file or directory in C:\xampp\htdocs\nimru-Web\profile.php on line 184
[05-Dec-2024 03:36:15 UTC] PHP Warning:  include_once(): Failed opening 'students/student-header.php' for inclusion (include_path='C:\xampp\php\PEAR') in C:\xampp\htdocs\nimru-Web\profile.php on line 184
[05-Dec-2024 03:36:25 UTC] PHP Warning:  include_once(students/student-header.php): Failed to open stream: No such file or directory in C:\xampp\htdocs\nimru-Web\profile.php on line 184
[05-Dec-2024 03:36:25 UTC] PHP Warning:  include_once(): Failed opening 'students/student-header.php' for inclusion (include_path='C:\xampp\php\PEAR') in C:\xampp\htdocs\nimru-Web\profile.php on line 184
[05-Dec-2024 03:37:15 UTC] PHP Warning:  include_once(students/student-header.php): Failed to open stream: No such file or directory in C:\xampp\htdocs\nimru-Web\profile.php on line 184
[05-Dec-2024 03:37:15 UTC] PHP Warning:  include_once(): Failed opening 'students/student-header.php' for inclusion (include_path='C:\xampp\php\PEAR') in C:\xampp\htdocs\nimru-Web\profile.php on line 184
[05-Dec-2024 03:37:18 UTC] PHP Warning:  include_once(students/student-header.php): Failed to open stream: No such file or directory in C:\xampp\htdocs\nimru-Web\profile.php on line 184
[05-Dec-2024 03:37:18 UTC] PHP Warning:  include_once(): Failed opening 'students/student-header.php' for inclusion (include_path='C:\xampp\php\PEAR') in C:\xampp\htdocs\nimru-Web\profile.php on line 184
[05-Dec-2024 03:37:28 UTC] PHP Warning:  include_once(students/student-header.php): Failed to open stream: No such file or directory in C:\xampp\htdocs\nimru-Web\profile.php on line 184
[05-Dec-2024 03:37:28 UTC] PHP Warning:  include_once(): Failed opening 'students/student-header.php' for inclusion (include_path='C:\xampp\php\PEAR') in C:\xampp\htdocs\nimru-Web\profile.php on line 184
[05-Dec-2024 03:37:32 UTC] PHP Warning:  include_once(students/student-header.php): Failed to open stream: No such file or directory in C:\xampp\htdocs\nimru-Web\profile.php on line 184
[05-Dec-2024 03:37:32 UTC] PHP Warning:  include_once(): Failed opening 'students/student-header.php' for inclusion (include_path='C:\xampp\php\PEAR') in C:\xampp\htdocs\nimru-Web\profile.php on line 184
[05-Dec-2024 03:37:35 UTC] User data loaded successfully
[05-Dec-2024 03:37:46 UTC] PHP Warning:  include_once(students/student-header.php): Failed to open stream: No such file or directory in C:\xampp\htdocs\nimru-Web\profile.php on line 184
[05-Dec-2024 03:37:46 UTC] PHP Warning:  include_once(): Failed opening 'students/student-header.php' for inclusion (include_path='C:\xampp\php\PEAR') in C:\xampp\htdocs\nimru-Web\profile.php on line 184
[05-Dec-2024 03:40:44 UTC] User data loaded successfully
[05-Dec-2024 03:43:34 UTC] User data loaded successfully
[05-Dec-2024 03:43:55 UTC] User data loaded successfully
[05-Dec-2024 03:55:29 UTC] PHP Deprecated:  Constant FILTER_SANITIZE_STRING is deprecated in C:\xampp\htdocs\nimru-Web\profile.php on line 42
[05-Dec-2024 03:55:29 UTC] PHP Deprecated:  Constant FILTER_SANITIZE_STRING is deprecated in C:\xampp\htdocs\nimru-Web\profile.php on line 44
[05-Dec-2024 03:56:04 UTC] Password changed for user ID: 1 at 2024-12-05 03:56:04
[05-Dec-2024 04:14:13 UTC] PHP Warning:  Constant DB_HOST already defined in C:\xampp\htdocs\nimru-Web\signup.php on line 11
[05-Dec-2024 04:14:13 UTC] PHP Warning:  Constant DB_NAME already defined in C:\xampp\htdocs\nimru-Web\signup.php on line 12
[05-Dec-2024 04:14:13 UTC] PHP Warning:  Constant DB_USER already defined in C:\xampp\htdocs\nimru-Web\signup.php on line 13
[05-Dec-2024 04:14:13 UTC] PHP Warning:  Constant DB_PASS already defined in C:\xampp\htdocs\nimru-Web\signup.php on line 14
[05-Dec-2024 04:14:13 UTC] PHP Warning:  Constant DB_CHARSET already defined in C:\xampp\htdocs\nimru-Web\signup.php on line 15
[05-Dec-2024 04:14:13 UTC] PHP Warning:  Constant DB_PORT already defined in C:\xampp\htdocs\nimru-Web\signup.php on line 16
[05-Dec-2024 04:14:13 UTC] PHP Notice:  session_start(): Ignoring session_start() because a session is already active in C:\xampp\htdocs\nimru-Web\signup.php on line 19
[05-Dec-2024 04:15:05 UTC] PHP Warning:  Constant DB_HOST already defined in C:\xampp\htdocs\nimru-Web\signup.php on line 11
[05-Dec-2024 04:15:05 UTC] PHP Warning:  Constant DB_NAME already defined in C:\xampp\htdocs\nimru-Web\signup.php on line 12
[05-Dec-2024 04:15:05 UTC] PHP Warning:  Constant DB_USER already defined in C:\xampp\htdocs\nimru-Web\signup.php on line 13
[05-Dec-2024 04:15:05 UTC] PHP Warning:  Constant DB_PASS already defined in C:\xampp\htdocs\nimru-Web\signup.php on line 14
[05-Dec-2024 04:15:05 UTC] PHP Warning:  Constant DB_CHARSET already defined in C:\xampp\htdocs\nimru-Web\signup.php on line 15
[05-Dec-2024 04:15:05 UTC] PHP Warning:  Constant DB_PORT already defined in C:\xampp\htdocs\nimru-Web\signup.php on line 16
[05-Dec-2024 04:15:05 UTC] PHP Notice:  session_start(): Ignoring session_start() because a session is already active in C:\xampp\htdocs\nimru-Web\signup.php on line 19
[05-Dec-2024 04:15:06 UTC] PHP Notice:  session_start(): Ignoring session_start() because a session is already active in C:\xampp\htdocs\nimru-Web\navbar.php on line 7
[05-Dec-2024 04:15:23 UTC] PHP Warning:  Constant DB_HOST already defined in C:\xampp\htdocs\nimru-Web\signup.php on line 11
[05-Dec-2024 04:15:23 UTC] PHP Warning:  Constant DB_NAME already defined in C:\xampp\htdocs\nimru-Web\signup.php on line 12
[05-Dec-2024 04:15:23 UTC] PHP Warning:  Constant DB_USER already defined in C:\xampp\htdocs\nimru-Web\signup.php on line 13
[05-Dec-2024 04:15:23 UTC] PHP Warning:  Constant DB_PASS already defined in C:\xampp\htdocs\nimru-Web\signup.php on line 14
[05-Dec-2024 04:15:23 UTC] PHP Warning:  Constant DB_CHARSET already defined in C:\xampp\htdocs\nimru-Web\signup.php on line 15
[05-Dec-2024 04:15:23 UTC] PHP Warning:  Constant DB_PORT already defined in C:\xampp\htdocs\nimru-Web\signup.php on line 16
[05-Dec-2024 04:15:23 UTC] PHP Notice:  session_start(): Ignoring session_start() because a session is already active in C:\xampp\htdocs\nimru-Web\signup.php on line 19
[05-Dec-2024 04:15:24 UTC] PHP Notice:  session_start(): Ignoring session_start() because a session is already active in C:\xampp\htdocs\nimru-Web\navbar.php on line 7
[05-Dec-2024 04:18:45 UTC] User data loaded successfully
[05-Dec-2024 04:19:21 UTC] User data loaded successfully
[05-Dec-2024 04:20:04 UTC] User data loaded successfully
[05-Dec-2024 04:20:15 UTC] User data loaded successfully
[05-Dec-2024 09:28:13 UTC] PHP Warning:  Constant DB_HOST already defined in C:\xampp\htdocs\nimru-Web\signup.php on line 11
[05-Dec-2024 09:28:13 UTC] PHP Warning:  Constant DB_NAME already defined in C:\xampp\htdocs\nimru-Web\signup.php on line 12
[05-Dec-2024 09:28:13 UTC] PHP Warning:  Constant DB_USER already defined in C:\xampp\htdocs\nimru-Web\signup.php on line 13
[05-Dec-2024 09:28:13 UTC] PHP Warning:  Constant DB_PASS already defined in C:\xampp\htdocs\nimru-Web\signup.php on line 14
[05-Dec-2024 09:28:13 UTC] PHP Warning:  Constant DB_CHARSET already defined in C:\xampp\htdocs\nimru-Web\signup.php on line 15
[05-Dec-2024 09:28:13 UTC] PHP Warning:  Constant DB_PORT already defined in C:\xampp\htdocs\nimru-Web\signup.php on line 16
[05-Dec-2024 09:28:13 UTC] PHP Notice:  session_start(): Ignoring session_start() because a session is already active in C:\xampp\htdocs\nimru-Web\signup.php on line 19
[05-Dec-2024 09:28:15 UTC] PHP Notice:  session_start(): Ignoring session_start() because a session is already active in C:\xampp\htdocs\nimru-Web\navbar.php on line 2
